CRITICAL - 2020-12-17 10:43:27 --> Invalid file: categoria.php
#0 C:\xampp\htdocs\agenda_proyecto\vendor\codeigniter4\framework\system\View\View.php(228): CodeIgniter\Exceptions\FrameworkException::forInvalidFile('categoria.php')
#1 C:\xampp\htdocs\agenda_proyecto\vendor\codeigniter4\framework\system\Common.php(1119): CodeIgniter\View\View->render('categoria', Array, true)
#2 C:\xampp\htdocs\agenda_proyecto\app\Controllers\Home.php(21): view('categoria', Array)
#3 C:\xampp\htdocs\agenda_proyecto\vendor\codeigniter4\framework\system\CodeIgniter.php(918): App\Controllers\Home->categoria()
#4 C:\xampp\htdocs\agenda_proyecto\vendor\codeigniter4\framework\system\CodeIgniter.php(404): CodeIgniter\CodeIgniter->runController(Object(App\Controllers\Home))
#5 C:\xampp\htdocs\agenda_proyecto\vendor\codeigniter4\framework\system\CodeIgniter.php(312): CodeIgniter\CodeIgniter->handleRequest(NULL, Object(Config\Cache), false)
#6 C:\xampp\htdocs\agenda_proyecto\public\index.php(45): CodeIgniter\CodeIgniter->run()
#7 {main}
CRITICAL - 2020-12-17 11:10:41 --> You have an error in your SQL syntax; check the manual that corresponds to your MariaDB server version for the right syntax to use near 't_agenda' at line 1
#0 C:\xampp\htdocs\agenda_proyecto\vendor\codeigniter4\framework\system\Database\MySQLi\Connection.php(331): mysqli->query('t_agenda')
#1 C:\xampp\htdocs\agenda_proyecto\vendor\codeigniter4\framework\system\Database\BaseConnection.php(741): CodeIgniter\Database\MySQLi\Connection->execute('t_agenda')
#2 C:\xampp\htdocs\agenda_proyecto\vendor\codeigniter4\framework\system\Database\BaseConnection.php(669): CodeIgniter\Database\BaseConnection->simpleQuery('t_agenda')
#3 C:\xampp\htdocs\agenda_proyecto\app\Models\contactosModel.php(7): CodeIgniter\Database\BaseConnection->query('t_agenda')
#4 C:\xampp\htdocs\agenda_proyecto\app\Controllers\Home.php(85): App\Models\contactosModel->listarContactos()
#5 C:\xampp\htdocs\agenda_proyecto\vendor\codeigniter4\framework\system\CodeIgniter.php(918): App\Controllers\Home->contactos()
#6 C:\xampp\htdocs\agenda_proyecto\vendor\codeigniter4\framework\system\CodeIgniter.php(404): CodeIgniter\CodeIgniter->runController(Object(App\Controllers\Home))
#7 C:\xampp\htdocs\agenda_proyecto\vendor\codeigniter4\framework\system\CodeIgniter.php(312): CodeIgniter\CodeIgniter->handleRequest(NULL, Object(Config\Cache), false)
#8 C:\xampp\htdocs\agenda_proyecto\public\index.php(45): CodeIgniter\CodeIgniter->run()
#9 {main}
CRITICAL - 2020-12-17 11:13:37 --> Undefined property: stdClass::$fecha
#0 C:\xampp\htdocs\agenda_proyecto\app\Views\contactos.php(74): CodeIgniter\Debug\Exceptions->errorHandler(8, 'Undefined prope...', 'C:\\xampp\\htdocs...', 74, Array)
#1 C:\xampp\htdocs\agenda_proyecto\vendor\codeigniter4\framework\system\View\View.php(246): include('C:\\xampp\\htdocs...')
#2 C:\xampp\htdocs\agenda_proyecto\vendor\codeigniter4\framework\system\Common.php(1119): CodeIgniter\View\View->render('contactos', Array, true)
#3 C:\xampp\htdocs\agenda_proyecto\app\Controllers\Home.php(93): view('contactos', Array)
#4 C:\xampp\htdocs\agenda_proyecto\vendor\codeigniter4\framework\system\CodeIgniter.php(918): App\Controllers\Home->contactos()
#5 C:\xampp\htdocs\agenda_proyecto\vendor\codeigniter4\framework\system\CodeIgniter.php(404): CodeIgniter\CodeIgniter->runController(Object(App\Controllers\Home))
#6 C:\xampp\htdocs\agenda_proyecto\vendor\codeigniter4\framework\system\CodeIgniter.php(312): CodeIgniter\CodeIgniter->handleRequest(NULL, Object(Config\Cache), false)
#7 C:\xampp\htdocs\agenda_proyecto\public\index.php(45): CodeIgniter\CodeIgniter->run()
#8 {main}
CRITICAL - 2020-12-17 11:14:44 --> Undefined property: stdClass::$fecha
#0 C:\xampp\htdocs\agenda_proyecto\app\Views\contactos.php(74): CodeIgniter\Debug\Exceptions->errorHandler(8, 'Undefined prope...', 'C:\\xampp\\htdocs...', 74, Array)
#1 C:\xampp\htdocs\agenda_proyecto\vendor\codeigniter4\framework\system\View\View.php(246): include('C:\\xampp\\htdocs...')
#2 C:\xampp\htdocs\agenda_proyecto\vendor\codeigniter4\framework\system\Common.php(1119): CodeIgniter\View\View->render('contactos', Array, true)
#3 C:\xampp\htdocs\agenda_proyecto\app\Controllers\Home.php(93): view('contactos', Array)
#4 C:\xampp\htdocs\agenda_proyecto\vendor\codeigniter4\framework\system\CodeIgniter.php(918): App\Controllers\Home->contactos()
#5 C:\xampp\htdocs\agenda_proyecto\vendor\codeigniter4\framework\system\CodeIgniter.php(404): CodeIgniter\CodeIgniter->runController(Object(App\Controllers\Home))
#6 C:\xampp\htdocs\agenda_proyecto\vendor\codeigniter4\framework\system\CodeIgniter.php(312): CodeIgniter\CodeIgniter->handleRequest(NULL, Object(Config\Cache), false)
#7 C:\xampp\htdocs\agenda_proyecto\public\index.php(45): CodeIgniter\CodeIgniter->run()
#8 {main}
CRITICAL - 2020-12-17 11:15:12 --> You have an error in your SQL syntax; check the manual that corresponds to your MariaDB server version for the right syntax to use near '.categoria FROM t_agenda, t_categorias where t_categorias.id_categoria=t_agen...' at line 1
#0 C:\xampp\htdocs\agenda_proyecto\vendor\codeigniter4\framework\system\Database\MySQLi\Connection.php(331): mysqli->query('SELECT t_agenda...')
#1 C:\xampp\htdocs\agenda_proyecto\vendor\codeigniter4\framework\system\Database\BaseConnection.php(741): CodeIgniter\Database\MySQLi\Connection->execute('SELECT t_agenda...')
#2 C:\xampp\htdocs\agenda_proyecto\vendor\codeigniter4\framework\system\Database\BaseConnection.php(669): CodeIgniter\Database\BaseConnection->simpleQuery('SELECT t_agenda...')
#3 C:\xampp\htdocs\agenda_proyecto\app\Models\contactosModel.php(7): CodeIgniter\Database\BaseConnection->query('SELECT t_agenda...')
#4 C:\xampp\htdocs\agenda_proyecto\app\Controllers\Home.php(85): App\Models\contactosModel->listarContactos()
#5 C:\xampp\htdocs\agenda_proyecto\vendor\codeigniter4\framework\system\CodeIgniter.php(918): App\Controllers\Home->contactos()
#6 C:\xampp\htdocs\agenda_proyecto\vendor\codeigniter4\framework\system\CodeIgniter.php(404): CodeIgniter\CodeIgniter->runController(Object(App\Controllers\Home))
#7 C:\xampp\htdocs\agenda_proyecto\vendor\codeigniter4\framework\system\CodeIgniter.php(312): CodeIgniter\CodeIgniter->handleRequest(NULL, Object(Config\Cache), false)
#8 C:\xampp\htdocs\agenda_proyecto\public\index.php(45): CodeIgniter\CodeIgniter->run()
#9 {main}
CRITICAL - 2020-12-17 11:15:43 --> Cannot add or update a child row: a foreign key constraint fails (`proyecto_agenda`.`t_agenda`, CONSTRAINT `t_agenda_id_categoria_foreign` FOREIGN KEY (`id_categoria`) REFERENCES `t_categorias` (`id_categoria`) ON DELETE CASCADE ON UPDATE CASCADE)
#0 C:\xampp\htdocs\agenda_proyecto\vendor\codeigniter4\framework\system\Database\MySQLi\Connection.php(331): mysqli->query('UPDATE `t_agend...')
#1 C:\xampp\htdocs\agenda_proyecto\vendor\codeigniter4\framework\system\Database\BaseConnection.php(741): CodeIgniter\Database\MySQLi\Connection->execute('UPDATE `t_agend...')
#2 C:\xampp\htdocs\agenda_proyecto\vendor\codeigniter4\framework\system\Database\BaseConnection.php(669): CodeIgniter\Database\BaseConnection->simpleQuery('UPDATE `t_agend...')
#3 C:\xampp\htdocs\agenda_proyecto\vendor\codeigniter4\framework\system\Database\BaseBuilder.php(2456): CodeIgniter\Database\BaseConnection->query('UPDATE `t_agend...', Array, false)
#4 C:\xampp\htdocs\agenda_proyecto\app\Models\contactosModel.php(27): CodeIgniter\Database\BaseBuilder->update()
#5 C:\xampp\htdocs\agenda_proyecto\app\Controllers\Home.php(130): App\Models\contactosModel->actualizarContacto(Array, '1')
#6 C:\xampp\htdocs\agenda_proyecto\vendor\codeigniter4\framework\system\CodeIgniter.php(918): App\Controllers\Home->actualizarcont()
#7 C:\xampp\htdocs\agenda_proyecto\vendor\codeigniter4\framework\system\CodeIgniter.php(404): CodeIgniter\CodeIgniter->runController(Object(App\Controllers\Home))
#8 C:\xampp\htdocs\agenda_proyecto\vendor\codeigniter4\framework\system\CodeIgniter.php(312): CodeIgniter\CodeIgniter->handleRequest(NULL, Object(Config\Cache), false)
#9 C:\xampp\htdocs\agenda_proyecto\public\index.php(45): CodeIgniter\CodeIgniter->run()
#10 {main}
CRITICAL - 2020-12-17 11:17:57 --> Cannot add or update a child row: a foreign key constraint fails (`proyecto_agenda`.`t_agenda`, CONSTRAINT `t_agenda_id_categoria_foreign` FOREIGN KEY (`id_categoria`) REFERENCES `t_categorias` (`id_categoria`) ON DELETE CASCADE ON UPDATE CASCADE)
#0 C:\xampp\htdocs\agenda_proyecto\vendor\codeigniter4\framework\system\Database\MySQLi\Connection.php(331): mysqli->query('UPDATE `t_agend...')
#1 C:\xampp\htdocs\agenda_proyecto\vendor\codeigniter4\framework\system\Database\BaseConnection.php(741): CodeIgniter\Database\MySQLi\Connection->execute('UPDATE `t_agend...')
#2 C:\xampp\htdocs\agenda_proyecto\vendor\codeigniter4\framework\system\Database\BaseConnection.php(669): CodeIgniter\Database\BaseConnection->simpleQuery('UPDATE `t_agend...')
#3 C:\xampp\htdocs\agenda_proyecto\vendor\codeigniter4\framework\system\Database\BaseBuilder.php(2456): CodeIgniter\Database\BaseConnection->query('UPDATE `t_agend...', Array, false)
#4 C:\xampp\htdocs\agenda_proyecto\app\Models\contactosModel.php(27): CodeIgniter\Database\BaseBuilder->update()
#5 C:\xampp\htdocs\agenda_proyecto\app\Controllers\Home.php(130): App\Models\contactosModel->actualizarContacto(Array, '1')
#6 C:\xampp\htdocs\agenda_proyecto\vendor\codeigniter4\framework\system\CodeIgniter.php(918): App\Controllers\Home->actualizarcont()
#7 C:\xampp\htdocs\agenda_proyecto\vendor\codeigniter4\framework\system\CodeIgniter.php(404): CodeIgniter\CodeIgniter->runController(Object(App\Controllers\Home))
#8 C:\xampp\htdocs\agenda_proyecto\vendor\codeigniter4\framework\system\CodeIgniter.php(312): CodeIgniter\CodeIgniter->handleRequest(NULL, Object(Config\Cache), false)
#9 C:\xampp\htdocs\agenda_proyecto\public\index.php(45): CodeIgniter\CodeIgniter->run()
#10 {main}
CRITICAL - 2020-12-17 11:18:21 --> Cannot add or update a child row: a foreign key constraint fails (`proyecto_agenda`.`t_agenda`, CONSTRAINT `t_agenda_id_categoria_foreign` FOREIGN KEY (`id_categoria`) REFERENCES `t_categorias` (`id_categoria`) ON DELETE CASCADE ON UPDATE CASCADE)
#0 C:\xampp\htdocs\agenda_proyecto\vendor\codeigniter4\framework\system\Database\MySQLi\Connection.php(331): mysqli->query('UPDATE `t_agend...')
#1 C:\xampp\htdocs\agenda_proyecto\vendor\codeigniter4\framework\system\Database\BaseConnection.php(741): CodeIgniter\Database\MySQLi\Connection->execute('UPDATE `t_agend...')
#2 C:\xampp\htdocs\agenda_proyecto\vendor\codeigniter4\framework\system\Database\BaseConnection.php(669): CodeIgniter\Database\BaseConnection->simpleQuery('UPDATE `t_agend...')
#3 C:\xampp\htdocs\agenda_proyecto\vendor\codeigniter4\framework\system\Database\BaseBuilder.php(2456): CodeIgniter\Database\BaseConnection->query('UPDATE `t_agend...', Array, false)
#4 C:\xampp\htdocs\agenda_proyecto\app\Models\contactosModel.php(27): CodeIgniter\Database\BaseBuilder->update()
#5 C:\xampp\htdocs\agenda_proyecto\app\Controllers\Home.php(130): App\Models\contactosModel->actualizarContacto(Array, '1')
#6 C:\xampp\htdocs\agenda_proyecto\vendor\codeigniter4\framework\system\CodeIgniter.php(918): App\Controllers\Home->actualizarcont()
#7 C:\xampp\htdocs\agenda_proyecto\vendor\codeigniter4\framework\system\CodeIgniter.php(404): CodeIgniter\CodeIgniter->runController(Object(App\Controllers\Home))
#8 C:\xampp\htdocs\agenda_proyecto\vendor\codeigniter4\framework\system\CodeIgniter.php(312): CodeIgniter\CodeIgniter->handleRequest(NULL, Object(Config\Cache), false)
#9 C:\xampp\htdocs\agenda_proyecto\public\index.php(45): CodeIgniter\CodeIgniter->run()
#10 {main}
CRITICAL - 2020-12-17 11:20:21 --> Cannot add or update a child row: a foreign key constraint fails (`proyecto_agenda`.`t_agenda`, CONSTRAINT `t_agenda_id_categoria_foreign` FOREIGN KEY (`id_categoria`) REFERENCES `t_categorias` (`id_categoria`) ON DELETE CASCADE ON UPDATE CASCADE)
#0 C:\xampp\htdocs\agenda_proyecto\vendor\codeigniter4\framework\system\Database\MySQLi\Connection.php(331): mysqli->query('UPDATE `t_agend...')
#1 C:\xampp\htdocs\agenda_proyecto\vendor\codeigniter4\framework\system\Database\BaseConnection.php(741): CodeIgniter\Database\MySQLi\Connection->execute('UPDATE `t_agend...')
#2 C:\xampp\htdocs\agenda_proyecto\vendor\codeigniter4\framework\system\Database\BaseConnection.php(669): CodeIgniter\Database\BaseConnection->simpleQuery('UPDATE `t_agend...')
#3 C:\xampp\htdocs\agenda_proyecto\vendor\codeigniter4\framework\system\Database\BaseBuilder.php(2456): CodeIgniter\Database\BaseConnection->query('UPDATE `t_agend...', Array, false)
#4 C:\xampp\htdocs\agenda_proyecto\app\Models\contactosModel.php(27): CodeIgniter\Database\BaseBuilder->update()
#5 C:\xampp\htdocs\agenda_proyecto\app\Controllers\Home.php(130): App\Models\contactosModel->actualizarContacto(Array, '1')
#6 C:\xampp\htdocs\agenda_proyecto\vendor\codeigniter4\framework\system\CodeIgniter.php(918): App\Controllers\Home->actualizarcont()
#7 C:\xampp\htdocs\agenda_proyecto\vendor\codeigniter4\framework\system\CodeIgniter.php(404): CodeIgniter\CodeIgniter->runController(Object(App\Controllers\Home))
#8 C:\xampp\htdocs\agenda_proyecto\vendor\codeigniter4\framework\system\CodeIgniter.php(312): CodeIgniter\CodeIgniter->handleRequest(NULL, Object(Config\Cache), false)
#9 C:\xampp\htdocs\agenda_proyecto\public\index.php(45): CodeIgniter\CodeIgniter->run()
#10 {main}
CRITICAL - 2020-12-17 11:20:31 --> Cannot add or update a child row: a foreign key constraint fails (`proyecto_agenda`.`t_agenda`, CONSTRAINT `t_agenda_id_categoria_foreign` FOREIGN KEY (`id_categoria`) REFERENCES `t_categorias` (`id_categoria`) ON DELETE CASCADE ON UPDATE CASCADE)
#0 C:\xampp\htdocs\agenda_proyecto\vendor\codeigniter4\framework\system\Database\MySQLi\Connection.php(331): mysqli->query('UPDATE `t_agend...')
#1 C:\xampp\htdocs\agenda_proyecto\vendor\codeigniter4\framework\system\Database\BaseConnection.php(741): CodeIgniter\Database\MySQLi\Connection->execute('UPDATE `t_agend...')
#2 C:\xampp\htdocs\agenda_proyecto\vendor\codeigniter4\framework\system\Database\BaseConnection.php(669): CodeIgniter\Database\BaseConnection->simpleQuery('UPDATE `t_agend...')
#3 C:\xampp\htdocs\agenda_proyecto\vendor\codeigniter4\framework\system\Database\BaseBuilder.php(2456): CodeIgniter\Database\BaseConnection->query('UPDATE `t_agend...', Array, false)
#4 C:\xampp\htdocs\agenda_proyecto\app\Models\contactosModel.php(27): CodeIgniter\Database\BaseBuilder->update()
#5 C:\xampp\htdocs\agenda_proyecto\app\Controllers\Home.php(130): App\Models\contactosModel->actualizarContacto(Array, '1')
#6 C:\xampp\htdocs\agenda_proyecto\vendor\codeigniter4\framework\system\CodeIgniter.php(918): App\Controllers\Home->actualizarcont()
#7 C:\xampp\htdocs\agenda_proyecto\vendor\codeigniter4\framework\system\CodeIgniter.php(404): CodeIgniter\CodeIgniter->runController(Object(App\Controllers\Home))
#8 C:\xampp\htdocs\agenda_proyecto\vendor\codeigniter4\framework\system\CodeIgniter.php(312): CodeIgniter\CodeIgniter->handleRequest(NULL, Object(Config\Cache), false)
#9 C:\xampp\htdocs\agenda_proyecto\public\index.php(45): CodeIgniter\CodeIgniter->run()
#10 {main}
CRITICAL - 2020-12-17 11:20:37 --> Cannot add or update a child row: a foreign key constraint fails (`proyecto_agenda`.`t_agenda`, CONSTRAINT `t_agenda_id_categoria_foreign` FOREIGN KEY (`id_categoria`) REFERENCES `t_categorias` (`id_categoria`) ON DELETE CASCADE ON UPDATE CASCADE)
#0 C:\xampp\htdocs\agenda_proyecto\vendor\codeigniter4\framework\system\Database\MySQLi\Connection.php(331): mysqli->query('UPDATE `t_agend...')
#1 C:\xampp\htdocs\agenda_proyecto\vendor\codeigniter4\framework\system\Database\BaseConnection.php(741): CodeIgniter\Database\MySQLi\Connection->execute('UPDATE `t_agend...')
#2 C:\xampp\htdocs\agenda_proyecto\vendor\codeigniter4\framework\system\Database\BaseConnection.php(669): CodeIgniter\Database\BaseConnection->simpleQuery('UPDATE `t_agend...')
#3 C:\xampp\htdocs\agenda_proyecto\vendor\codeigniter4\framework\system\Database\BaseBuilder.php(2456): CodeIgniter\Database\BaseConnection->query('UPDATE `t_agend...', Array, false)
#4 C:\xampp\htdocs\agenda_proyecto\app\Models\contactosModel.php(27): CodeIgniter\Database\BaseBuilder->update()
#5 C:\xampp\htdocs\agenda_proyecto\app\Controllers\Home.php(130): App\Models\contactosModel->actualizarContacto(Array, '1')
#6 C:\xampp\htdocs\agenda_proyecto\vendor\codeigniter4\framework\system\CodeIgniter.php(918): App\Controllers\Home->actualizarcont()
#7 C:\xampp\htdocs\agenda_proyecto\vendor\codeigniter4\framework\system\CodeIgniter.php(404): CodeIgniter\CodeIgniter->runController(Object(App\Controllers\Home))
#8 C:\xampp\htdocs\agenda_proyecto\vendor\codeigniter4\framework\system\CodeIgniter.php(312): CodeIgniter\CodeIgniter->handleRequest(NULL, Object(Config\Cache), false)
#9 C:\xampp\htdocs\agenda_proyecto\public\index.php(45): CodeIgniter\CodeIgniter->run()
#10 {main}
CRITICAL - 2020-12-17 11:21:51 --> Undefined variable: data
#0 C:\xampp\htdocs\agenda_proyecto\app\Controllers\Home.php(130): CodeIgniter\Debug\Exceptions->errorHandler(8, 'Undefined varia...', 'C:\\xampp\\htdocs...', 130, Array)
#1 C:\xampp\htdocs\agenda_proyecto\vendor\codeigniter4\framework\system\CodeIgniter.php(918): App\Controllers\Home->actualizarcont()
#2 C:\xampp\htdocs\agenda_proyecto\vendor\codeigniter4\framework\system\CodeIgniter.php(404): CodeIgniter\CodeIgniter->runController(Object(App\Controllers\Home))
#3 C:\xampp\htdocs\agenda_proyecto\vendor\codeigniter4\framework\system\CodeIgniter.php(312): CodeIgniter\CodeIgniter->handleRequest(NULL, Object(Config\Cache), false)
#4 C:\xampp\htdocs\agenda_proyecto\public\index.php(45): CodeIgniter\CodeIgniter->run()
#5 {main}
CRITICAL - 2020-12-17 11:22:40 --> Cannot add or update a child row: a foreign key constraint fails (`proyecto_agenda`.`t_agenda`, CONSTRAINT `t_agenda_id_categoria_foreign` FOREIGN KEY (`id_categoria`) REFERENCES `t_categorias` (`id_categoria`) ON DELETE CASCADE ON UPDATE CASCADE)
#0 C:\xampp\htdocs\agenda_proyecto\vendor\codeigniter4\framework\system\Database\MySQLi\Connection.php(331): mysqli->query('UPDATE `t_agend...')
#1 C:\xampp\htdocs\agenda_proyecto\vendor\codeigniter4\framework\system\Database\BaseConnection.php(741): CodeIgniter\Database\MySQLi\Connection->execute('UPDATE `t_agend...')
#2 C:\xampp\htdocs\agenda_proyecto\vendor\codeigniter4\framework\system\Database\BaseConnection.php(669): CodeIgniter\Database\BaseConnection->simpleQuery('UPDATE `t_agend...')
#3 C:\xampp\htdocs\agenda_proyecto\vendor\codeigniter4\framework\system\Database\BaseBuilder.php(2456): CodeIgniter\Database\BaseConnection->query('UPDATE `t_agend...', Array, false)
#4 C:\xampp\htdocs\agenda_proyecto\app\Models\contactosModel.php(27): CodeIgniter\Database\BaseBuilder->update()
#5 C:\xampp\htdocs\agenda_proyecto\app\Controllers\Home.php(130): App\Models\contactosModel->actualizarContacto(Array, '1')
#6 C:\xampp\htdocs\agenda_proyecto\vendor\codeigniter4\framework\system\CodeIgniter.php(918): App\Controllers\Home->actualizarcont()
#7 C:\xampp\htdocs\agenda_proyecto\vendor\codeigniter4\framework\system\CodeIgniter.php(404): CodeIgniter\CodeIgniter->runController(Object(App\Controllers\Home))
#8 C:\xampp\htdocs\agenda_proyecto\vendor\codeigniter4\framework\system\CodeIgniter.php(312): CodeIgniter\CodeIgniter->handleRequest(NULL, Object(Config\Cache), false)
#9 C:\xampp\htdocs\agenda_proyecto\public\index.php(45): CodeIgniter\CodeIgniter->run()
#10 {main}
